[INFO ] 2023-09-13 00:17:57.704 [main] LoggerLoad - Loading Config file
[INFO ] 2023-09-13 00:17:57.709 [main] LoggerLoad - Testing on chrome
[INFO ] 2023-09-13 00:18:08.905 [main] LoggerLoad - Initializing driver for : chrome
[INFO ] 2023-09-13 00:18:09.244 [main] LoggerLoad - Closing Driver
[INFO ] 2023-09-13 00:40:46.187 [main] LoggerLoad - Loading Config file
[INFO ] 2023-09-13 00:40:46.190 [main] LoggerLoad - Testing on chrome
[INFO ] 2023-09-13 00:40:50.730 [main] LoggerLoad - Initializing driver for : chrome
[INFO ] 2023-09-13 00:40:50.966 [main] LoggerLoad - Closing Driver
[INFO ] 2023-09-13 00:42:10.693 [main] LoggerLoad - Loading Config file
[INFO ] 2023-09-13 00:42:10.696 [main] LoggerLoad - Testing on chrome
[INFO ] 2023-09-13 00:42:14.813 [main] LoggerLoad - Initializing driver for : chrome
[INFO ] 2023-09-13 00:42:15.146 [main] LoggerLoad - Closing Driver
[INFO ] 2023-09-13 00:43:15.126 [main] LoggerLoad - Loading Config file
[INFO ] 2023-09-13 00:43:15.129 [main] LoggerLoad - Testing on chrome
[INFO ] 2023-09-13 00:43:18.808 [main] LoggerLoad - Initializing driver for : chrome
[INFO ] 2023-09-13 00:43:18.914 [main] LoggerLoad - ===============================================================================================
[INFO ] 2023-09-13 00:43:18.915 [main] LoggerLoad - [@tag] : Validate admin able to add new assignment with mandatory or optional feilds
[INFO ] 2023-09-13 00:43:18.915 [main] LoggerLoad - -----------------------------------------------------------------------------------------------
[INFO ] 2023-09-13 00:43:18.946 [main] LoggerLoad - Admin is in login page
[INFO ] 2023-09-13 00:43:19.372 [main] LoggerLoad - Admin enter valid credentials and clicks login button
[INFO ] 2023-09-13 00:43:19.959 [main] LoggerLoad - Admin clicks assignment button on the navigation bar
[INFO ] 2023-09-13 00:43:20.384 [main] LoggerLoad - ===============================================================================================
[INFO ] 2023-09-13 00:43:20.384 [main] LoggerLoad - [@tag] : Validate admin able to add new assignment with mandatory or optional feilds
[INFO ] 2023-09-13 00:43:20.384 [main] LoggerLoad - -----------------------------------------------------------------------------------------------
[INFO ] 2023-09-13 00:43:20.394 [main] LoggerLoad - Admin is in login page
[INFO ] 2023-09-13 00:43:20.463 [main] LoggerLoad - Admin enter valid credentials and clicks login button
[INFO ] 2023-09-13 00:43:20.532 [main] LoggerLoad - Admin clicks assignment button on the navigation bar
[INFO ] 2023-09-13 00:43:20.757 [main] LoggerLoad - ===============================================================================================
[INFO ] 2023-09-13 00:43:20.757 [main] LoggerLoad - [@tag] : Validate admin able to add new assignment with invalid data
[INFO ] 2023-09-13 00:43:20.758 [main] LoggerLoad - -----------------------------------------------------------------------------------------------
[INFO ] 2023-09-13 00:43:20.765 [main] LoggerLoad - Admin is in login page
[INFO ] 2023-09-13 00:43:20.851 [main] LoggerLoad - Admin enter valid credentials and clicks login button
[INFO ] 2023-09-13 00:43:20.886 [main] LoggerLoad - Admin clicks assignment button on the navigation bar
[INFO ] 2023-09-13 00:43:21.044 [main] LoggerLoad - Steps Failed , Taking Screenshot
[INFO ] 2023-09-13 00:43:21.060 [main] LoggerLoad - ===============================================================================================
[INFO ] 2023-09-13 00:43:21.061 [main] LoggerLoad - [@tag] : Validate admin able to add new assignment with invalid data
[INFO ] 2023-09-13 00:43:21.061 [main] LoggerLoad - -----------------------------------------------------------------------------------------------
[INFO ] 2023-09-13 00:43:21.065 [main] LoggerLoad - Admin is in login page
[INFO ] 2023-09-13 00:43:21.131 [main] LoggerLoad - Admin enter valid credentials and clicks login button
[INFO ] 2023-09-13 00:43:21.177 [main] LoggerLoad - Admin clicks assignment button on the navigation bar
[INFO ] 2023-09-13 00:43:21.365 [main] LoggerLoad - Steps Failed , Taking Screenshot
[INFO ] 2023-09-13 00:43:21.386 [main] LoggerLoad - ===============================================================================================
[INFO ] 2023-09-13 00:43:21.386 [main] LoggerLoad - [@tag] : Validate admin able to add new assignment with missing data
[INFO ] 2023-09-13 00:43:21.387 [main] LoggerLoad - -----------------------------------------------------------------------------------------------
[INFO ] 2023-09-13 00:43:21.392 [main] LoggerLoad - Admin is in login page
[INFO ] 2023-09-13 00:43:21.458 [main] LoggerLoad - Admin enter valid credentials and clicks login button
[INFO ] 2023-09-13 00:43:21.496 [main] LoggerLoad - Admin clicks assignment button on the navigation bar
[INFO ] 2023-09-13 00:43:21.640 [main] LoggerLoad - Steps Failed , Taking Screenshot
[INFO ] 2023-09-13 00:43:21.652 [main] LoggerLoad - ===============================================================================================
[INFO ] 2023-09-13 00:43:21.653 [main] LoggerLoad - [@tag] : Validate admin able to add new assignment with missing data
[INFO ] 2023-09-13 00:43:21.653 [main] LoggerLoad - -----------------------------------------------------------------------------------------------
[INFO ] 2023-09-13 00:43:21.658 [main] LoggerLoad - Admin is in login page
[INFO ] 2023-09-13 00:43:21.722 [main] LoggerLoad - Admin enter valid credentials and clicks login button
[INFO ] 2023-09-13 00:43:21.765 [main] LoggerLoad - Admin clicks assignment button on the navigation bar
[INFO ] 2023-09-13 00:43:21.908 [main] LoggerLoad - Steps Failed , Taking Screenshot
[INFO ] 2023-09-13 00:43:21.921 [main] LoggerLoad - ===============================================================================================
[INFO ] 2023-09-13 00:43:21.921 [main] LoggerLoad - [@tag] : Validate admin able to add new assignment with missing data
[INFO ] 2023-09-13 00:43:21.922 [main] LoggerLoad - -----------------------------------------------------------------------------------------------
[INFO ] 2023-09-13 00:43:21.926 [main] LoggerLoad - Admin is in login page
[INFO ] 2023-09-13 00:43:22.002 [main] LoggerLoad - Admin enter valid credentials and clicks login button
[INFO ] 2023-09-13 00:43:22.037 [main] LoggerLoad - Admin clicks assignment button on the navigation bar
[INFO ] 2023-09-13 00:43:22.214 [main] LoggerLoad - Steps Failed , Taking Screenshot
[INFO ] 2023-09-13 00:43:22.227 [main] LoggerLoad - ===============================================================================================
[INFO ] 2023-09-13 00:43:22.227 [main] LoggerLoad - [@tag] : Validate admin able to add new assignment with missing data
[INFO ] 2023-09-13 00:43:22.227 [main] LoggerLoad - -----------------------------------------------------------------------------------------------
[INFO ] 2023-09-13 00:43:22.231 [main] LoggerLoad - Admin is in login page
[INFO ] 2023-09-13 00:43:22.301 [main] LoggerLoad - Admin enter valid credentials and clicks login button
[INFO ] 2023-09-13 00:43:22.332 [main] LoggerLoad - Admin clicks assignment button on the navigation bar
[INFO ] 2023-09-13 00:43:22.465 [main] LoggerLoad - Steps Failed , Taking Screenshot
[INFO ] 2023-09-13 00:43:22.473 [main] LoggerLoad - ===============================================================================================
[INFO ] 2023-09-13 00:43:22.474 [main] LoggerLoad - [@tag] : Validate admin able to add new assignment with missing data
[INFO ] 2023-09-13 00:43:22.474 [main] LoggerLoad - -----------------------------------------------------------------------------------------------
[INFO ] 2023-09-13 00:43:22.478 [main] LoggerLoad - Admin is in login page
[INFO ] 2023-09-13 00:43:22.563 [main] LoggerLoad - Admin enter valid credentials and clicks login button
[INFO ] 2023-09-13 00:43:22.591 [main] LoggerLoad - Admin clicks assignment button on the navigation bar
[INFO ] 2023-09-13 00:43:22.722 [main] LoggerLoad - Steps Failed , Taking Screenshot
[INFO ] 2023-09-13 00:43:22.734 [main] LoggerLoad - ===============================================================================================
[INFO ] 2023-09-13 00:43:22.734 [main] LoggerLoad - [@tag] : Validate admin able to add new assignment with missing data
[INFO ] 2023-09-13 00:43:22.734 [main] LoggerLoad - -----------------------------------------------------------------------------------------------
[INFO ] 2023-09-13 00:43:22.738 [main] LoggerLoad - Admin is in login page
[INFO ] 2023-09-13 00:43:22.827 [main] LoggerLoad - Admin enter valid credentials and clicks login button
[INFO ] 2023-09-13 00:43:22.856 [main] LoggerLoad - Admin clicks assignment button on the navigation bar
[INFO ] 2023-09-13 00:43:22.988 [main] LoggerLoad - Steps Failed , Taking Screenshot
[INFO ] 2023-09-13 00:43:22.989 [main] LoggerLoad - Closing Driver
